This is XeTeX, Version 3.14159265-2.6-0.99991 (TeX Live 2014) (preloaded format=xelatex 2015.1.16)  30 JUN 2015 14:45
entering extended mode
 restricted \write18 enabled.
 file:line:error style messages enabled.
 %&-line parsing enabled.
**document.tex
(./document.tex
LaTeX2e <2014/05/01>
Babel <3.9k> and hyphenation patterns for 21 languages loaded.
(./acm_proc_article-sp.cls
(/usr/local/texlive/2014basic/texmf-dist/tex/latex/graphics/epsfig.sty
Package: epsfig 1999/02/16 v1.7a (e)psfig emulation (SPQR)

(/usr/local/texlive/2014basic/texmf-dist/tex/latex/graphics/graphicx.sty
Package: graphicx 2014/04/25 v1.0g Enhanced LaTeX Graphics (DPC,SPQR)

(/usr/local/texlive/2014basic/texmf-dist/tex/latex/graphics/keyval.sty
Package: keyval 2014/05/08 v1.15 key=value parser (DPC)
\KV@toks@=\toks14
)
(/usr/local/texlive/2014basic/texmf-dist/tex/latex/graphics/graphics.sty
Package: graphics 2009/02/05 v1.0o Standard LaTeX Graphics (DPC,SPQR)

(/usr/local/texlive/2014basic/texmf-dist/tex/latex/graphics/trig.sty
Package: trig 1999/03/16 v1.09 sin cos tan (DPC)
)
(/usr/local/texlive/2014basic/texmf-dist/tex/latex/latexconfig/graphics.cfg
File: graphics.cfg 2010/04/23 v1.9 graphics configuration of TeX Live
)
Package graphics Info: Driver file: xetex.def on input line 91.

(/usr/local/texlive/2014basic/texmf-dist/tex/xelatex/xetex-def/xetex.def
File: xetex.def 2014/07/25 v4.03 LaTeX color/graphics driver for XeTeX (RRM/JK)

))
\Gin@req@height=\dimen102
\Gin@req@width=\dimen103
)
\epsfxsize=\dimen104
\epsfysize=\dimen105
)
(/usr/local/texlive/2014basic/texmf-dist/tex/latex/amsfonts/amssymb.sty
Package: amssymb 2013/01/14 v3.01 AMS font symbols

(/usr/local/texlive/2014basic/texmf-dist/tex/latex/amsfonts/amsfonts.sty
Package: amsfonts 2013/01/14 v3.01 Basic AMSFonts support
\@emptytoks=\toks15
\symAMSa=\mathgroup4
\symAMSb=\mathgroup5
LaTeX Font Info:    Overwriting math alphabet `\mathfrak' in version `bold'
(Font)                  U/euf/m/n --> U/euf/b/n on input line 106.
))
(/usr/local/texlive/2014basic/texmf-dist/tex/latex/amsmath/amsmath.sty
Package: amsmath 2013/01/14 v2.14 AMS math features
\@mathmargin=\skip41

For additional information on amsmath, use the `?' option.
(/usr/local/texlive/2014basic/texmf-dist/tex/latex/amsmath/amstext.sty
Package: amstext 2000/06/29 v2.01

(/usr/local/texlive/2014basic/texmf-dist/tex/latex/amsmath/amsgen.sty
File: amsgen.sty 1999/11/30 v2.0
\@emptytoks=\toks16
\ex@=\dimen106
))
(/usr/local/texlive/2014basic/texmf-dist/tex/latex/amsmath/amsbsy.sty
Package: amsbsy 1999/11/29 v1.2d
\pmbraise@=\dimen107
)
(/usr/local/texlive/2014basic/texmf-dist/tex/latex/amsmath/amsopn.sty
Package: amsopn 1999/12/14 v2.01 operator names
)
\inf@bad=\count80
LaTeX Info: Redefining \frac on input line 210.
\uproot@=\count81
\leftroot@=\count82
LaTeX Info: Redefining \overline on input line 306.
\classnum@=\count83
\DOTSCASE@=\count84
LaTeX Info: Redefining \ldots on input line 378.
LaTeX Info: Redefining \dots on input line 381.
LaTeX Info: Redefining \cdots on input line 466.
\Mathstrutbox@=\box26
\strutbox@=\box27
\big@size=\dimen108
LaTeX Font Info:    Redeclaring font encoding OML on input line 566.
LaTeX Font Info:    Redeclaring font encoding OMS on input line 567.
\macc@depth=\count85
\c@MaxMatrixCols=\count86
\dotsspace@=\muskip10
\c@parentequation=\count87
\dspbrk@lvl=\count88
\tag@help=\toks17
\row@=\count89
\column@=\count90
\maxfields@=\count91
\andhelp@=\toks18
\eqnshift@=\dimen109
\alignsep@=\dimen110
\tagshift@=\dimen111
\tagwidth@=\dimen112
\totwidth@=\dimen113
\lineht@=\dimen114
\@envbody=\toks19
\multlinegap=\skip42
\multlinetaggap=\skip43
\mathdisplay@stack=\toks20
LaTeX Info: Redefining \[ on input line 2665.
LaTeX Info: Redefining \] on input line 2666.
)
Document Class 'acm_proc_article-sp' <22nd. April '09>. Modified by G.K.M. Tobi
n
Based in part upon document Style `acmconf' <22 May 89>. Hacked 4/91 by
shivers@cs.cmu.edu, 4/93 by theobald@cs.mcgill.ca
Excerpts were taken from (Journal Style) 'esub2acm.cls'.
****** Bugs/comments/suggestions to Gerry Murray -- murray@hq.acm.org ******
\footheight=\dimen115
\@maxsep=\dimen116
\@dblmaxsep=\dimen117
\aucount=\count92
\originalaucount=\count93
\auwidth=\dimen118
\auskip=\dimen119
\auskipcount=\count94
\auskip=\dimen120
\allauboxes=\dimen121
\addauthors=\toks21
\addauflag=\count95
\subtitletext=\toks22
\savesection=\count96
\sectioncntr=\count97
\c@figure=\count98
\c@table=\count99
\titleboxnotes=\toks23
\titleboxnoteflag=\count100
Document Class: acm_proc_article-sp 2009/04/22 - V3.2SP - based on esub2acm.sty
 <23 April 96>
(/usr/local/texlive/2014basic/texmf-dist/tex/latex/base/latexsym.sty
Package: latexsym 1998/08/17 v2.2e Standard LaTeX package (lasy symbols)
\symlasy=\mathgroup6
LaTeX Font Info:    Overwriting symbol font `lasy' in version `bold'
(Font)                  U/lasy/m/n --> U/lasy/b/n on input line 47.
)
\@acmtitlebox=\box28
\titlenotecount=\count101
\tntoks=\toks24
\tntokstwo=\toks25
\tntoksthree=\toks26
\tntoksfour=\toks27
\tntoksfive=\toks28
\catcount=\count102
\copyrightnotice=\toks29
\conf=\toks30
\confinfo=\toks31
\c@part=\count103
\c@section=\count104
\c@subsection=\count105
\c@subsubsection=\count106
\c@paragraph=\count107

Using 'Abbrev' bibliography style
LaTeX Info: Redefining \cite on input line 1236.
\bibindent=\dimen122
\colcntr=\count108
\saveb@x=\box29
\copyrtyr=\toks32
\acmcopyr=\toks33
\boilerplate=\toks34
\copyrightetc=\toks35
(/usr/local/texlive/2014basic/texmf-dist/tex/latex/base/fontenc.sty
Package: fontenc 2005/09/27 v1.99g Standard LaTeX package

(/usr/local/texlive/2014basic/texmf-dist/tex/latex/base/t1enc.def
File: t1enc.def 2005/09/27 v1.99g Standard LaTeX file
LaTeX Font Info:    Redeclaring font encoding T1 on input line 43.
)
LaTeX Font Info:    Try loading font information for T1+aer on input line 100.

(/usr/local/texlive/2014basic/texmf-dist/tex/latex/ae/t1aer.fd
File: t1aer.fd 1997/11/16 Font definitions for T1/aer.
)))
\@input{use.aux}
\openout2 = `use.aux'.

(./use.tex
(/usr/local/texlive/2014basic/texmf-dist/tex/latex/graphics/color.sty
Package: color 2014/04/23 v1.1a Standard LaTeX Color (DPC)

(/usr/local/texlive/2014basic/texmf-dist/tex/latex/latexconfig/color.cfg
File: color.cfg 2007/01/18 v1.5 color configuration of teTeX/TeXLive
)
Package color Info: Driver file: xetex.def on input line 137.
)
(/usr/local/texlive/2014basic/texmf-dist/tex/generic/babel/babel.sty
Package: babel 2014/03/24 3.9k The Babel package

(/usr/local/texlive/2014basic/texmf-dist/tex/generic/babel-english/english.ldf
Language: english 2012/08/20 v3.3p English support from the babel system

(/usr/local/texlive/2014basic/texmf-dist/tex/generic/babel/babel.def
File: babel.def 2014/03/24 3.9k Babel common definitions
\babel@savecnt=\count109
\U@D=\dimen123

(/usr/local/texlive/2014basic/texmf-dist/tex/generic/babel/xebabel.def))
\l@canadian = a dialect from \language\l@american 
\l@australian = a dialect from \language\l@british 
\l@newzealand = a dialect from \language\l@british 
)
(/usr/local/texlive/2014basic/texmf-dist/tex/generic/babel-german/ngerman.ldf
Language: ngerman 2013/12/13 v2.7 German support for babel (new orthography)

(/usr/local/texlive/2014basic/texmf-dist/tex/generic/babel-german/ngermanb.ldf
Language: ngermanb 2013/12/13 v2.7 German support for babel (new orthography)
\l@naustrian = a dialect from \language\l@ngerman 
\l@nswissgerman = a dialect from \language\l@ngerman 
Package babel Info: Making " an active character on input line 88.
))) (/usr/local/texlive/2014basic/texmf-dist/tex/latex/url/url.sty
\Urlmuskip=\muskip11
Package: url 2013/09/16  ver 3.4  Verb mode for urls, etc.
)
(/usr/local/texlive/2014basic/texmf-dist/tex/latex/listings/listings.sty
\lst@mode=\count110
\lst@gtempboxa=\box30
\lst@token=\toks36
\lst@length=\count111
\lst@currlwidth=\dimen124
\lst@column=\count112
\lst@pos=\count113
\lst@lostspace=\dimen125
\lst@width=\dimen126
\lst@newlines=\count114
\lst@lineno=\count115
\abovecaptionskip=\skip44
\belowcaptionskip=\skip45
\lst@maxwidth=\dimen127

(/usr/local/texlive/2014basic/texmf-dist/tex/latex/listings/lstmisc.sty
File: lstmisc.sty 2014/03/04 1.5c (Carsten Heinz)
\c@lstnumber=\count116
\lst@skipnumbers=\count117
\lst@framebox=\box31
)
(/usr/local/texlive/2014basic/texmf-dist/tex/latex/listings/listings.cfg
File: listings.cfg 2014/03/04 1.5c listings configuration
))
Package: listings 2014/03/04 1.5c (Carsten Heinz)

(/usr/local/texlive/2014basic/texmf-dist/tex/latex/babelbib/babelbib.sty
Package: babelbib 2012/01/03 v1.31 babelbib: multilingual bibliographies (HH)
\c@btxromaniannumeral=\count118
)
(/usr/local/texlive/2014basic/texmf-dist/tex/latex/lipsum/lipsum.sty
Package: lipsum 2014/07/27 v1.3 150 paragraphs of Lorem Ipsum dummy text
\c@lips@count=\count119
)
(/usr/local/texlive/2014basic/texmf-dist/tex/latex/hyphenat/hyphenat.sty
Package: hyphenat 2009/09/02 v2.3c hyphenation utilities
\langwohyphens=\language22
LaTeX Info: Redefining \_ on input line 43.
)
(/usr/local/texlive/2014basic/texmf-dist/tex/latex/listings/lstlang1.sty
File: lstlang1.sty 2014/03/04 1.5c listings language file
)
(/usr/local/texlive/2014basic/texmf-dist/tex/latex/listings/lstlang1.sty
File: lstlang1.sty 2014/03/04 1.5c listings language file
)
(/usr/local/texlive/2014basic/texmf-dist/tex/latex/listings/lstlang1.sty
File: lstlang1.sty 2014/03/04 1.5c listings language file
)
(/usr/local/texlive/2014basic/texmf-dist/tex/latex/listings/lstmisc.sty
File: lstmisc.sty 2014/03/04 1.5c (Carsten Heinz)
)

./use.tex:54: Package Listings Error: Option `upquote' requires `textcomp'packa
ge.
(Listings)                The option has been disabled.

See the Listings package documentation for explanation.
Type  H <return>  for immediate help.
 ...                                              
                                                  
l.54 }
      
Add \usepackage{textcomp} to your preamble.

)
(/Users/wuerthnc/GitHub/Parallel-Computing-and-Algorithms-X033537-Project/docum
entation/.texpadtmp/document.aux)
\openout1 = `document.aux'.

LaTeX Font Info:    Checking defaults for OML/cmm/m/it on input line 31.
LaTeX Font Info:    ... okay on input line 31.
LaTeX Font Info:    Checking defaults for T1/cmr/m/n on input line 31.
LaTeX Font Info:    ... okay on input line 31.
LaTeX Font Info:    Checking defaults for OT1/cmr/m/n on input line 31.
LaTeX Font Info:    ... okay on input line 31.
LaTeX Font Info:    Checking defaults for OMS/cmsy/m/n on input line 31.
LaTeX Font Info:    ... okay on input line 31.
LaTeX Font Info:    Checking defaults for OMX/cmex/m/n on input line 31.
LaTeX Font Info:    ... okay on input line 31.
LaTeX Font Info:    Checking defaults for U/cmr/m/n on input line 31.
LaTeX Font Info:    ... okay on input line 31.
\c@lstlisting=\count120

babelbib: Use citation-dependent languages in bibliography
babelbib: Set bibliography fall-back language to ngerman
(/usr/local/texlive/2014basic/texmf-dist/tex/latex/babelbib/english.bdf
File: english.bdf 2012/01/03 v1.31 babelbib: multilingual bibliographies (HH)

babelbib extension \bibsenglish added to \extrasenglish
babelbib extension \btxifchangecaseon added to \extrasenglish
) (/usr/local/texlive/2014basic/texmf-dist/tex/latex/babelbib/german.bdf
File: german.bdf 2012/01/03 v1.31 babelbib: multilingual bibliographies (HH)

babelbib extension \bibsngerman added to \extrasngerman
babelbib extension \btxifchangecaseoff added to \extrasngerman
)
LaTeX Font Info:    Try loading font information for U+msa on input line 88.
 (/usr/local/texlive/2014basic/texmf-dist/tex/latex/amsfonts/umsa.fd
File: umsa.fd 2013/01/14 v3.01 AMS symbols A
)
LaTeX Font Info:    Try loading font information for U+msb on input line 88.

(/usr/local/texlive/2014basic/texmf-dist/tex/latex/amsfonts/umsb.fd
File: umsb.fd 2013/01/14 v3.01 AMS symbols B
)
LaTeX Font Info:    Try loading font information for U+lasy on input line 88.

(/usr/local/texlive/2014basic/texmf-dist/tex/latex/base/ulasy.fd
File: ulasy.fd 1998/08/17 v2.2e LaTeX symbol font definitions
)
Overfull \hbox (7.48236pt too wide) in paragraph at lines 88--88
 []\eaddfnt heinrich.dinkel@gmail.com| 
 []


Overfull \hbox (4.33197pt too wide) in paragraph at lines 127--128
[]\T1/aer/m/n/9 Furthermore a neu-ral net-work con-ta-ins $\OML/cmm/m/it/9 L$ \
T1/aer/m/n/9 hi-d-den lay-ers, which
 []

[1




]
Missing character: There is no ’ in font aer9!
 [2]
LaTeX Font Info:    Font shape `U/lasy/b/n' in size <9> not available
(Font)              Font shape `U/lasy/m/n' tried instead on input line 252.
LaTeX Font Info:    Font shape `U/lasy/b/n' in size <6> not available
(Font)              Font shape `U/lasy/m/n' tried instead on input line 252.
LaTeX Font Info:    Font shape `U/lasy/b/n' in size <5> not available
(Font)              Font shape `U/lasy/m/n' tried instead on input line 252.
LaTeX Font Info:    Try loading font information for T1+aett on input line 294.

 (/usr/local/texlive/2014basic/texmf-dist/tex/latex/ae/t1aett.fd
File: t1aett.fd 1997/11/16 Font definitions for T1/aett.
)
LaTeX Font Info:    Try loading font information for OMS+aer on input line 294.


(/usr/local/texlive/2014basic/texmf-dist/tex/latex/ae/omsaer.fd
File: omsaer.fd 1999/12/27
)
LaTeX Font Info:    Font shape `OMS/aer/m/n' in size <9> not available
(Font)              Font shape `OMS/cmsy/m/n' tried instead on input line 294.
 [3]
Underfull \vbox (badness 10000) has occurred while \output is active []

 [4]
(/usr/local/texlive/2014basic/texmf-dist/tex/latex/listings/lstlang1.sty
File: lstlang1.sty 2014/03/04 1.5c listings language file
)
(/usr/local/texlive/2014basic/texmf-dist/tex/latex/listings/lstlang1.sty
File: lstlang1.sty 2014/03/04 1.5c listings language file
)
(/usr/local/texlive/2014basic/texmf-dist/tex/latex/listings/lstlang1.sty
File: lstlang1.sty 2014/03/04 1.5c listings language file
)
[5]
(/Users/wuerthnc/GitHub/Parallel-Computing-and-Algorithms-X033537-Project/docum
entation/.texpadtmp/document.bbl) [6]
(/Users/wuerthnc/GitHub/Parallel-Computing-and-Algorithms-X033537-Project/docum
entation/.texpadtmp/document.aux) ) 
Here is how much of TeX's memory you used:
 4921 strings out of 495177
 65351 string characters out of 6175607
 492352 words of memory out of 5000000
 8062 multiletter control sequences out of 15000+600000
 44389 words of font info for 62 fonts, out of 8000000 for 9000
 319 hyphenation exceptions out of 8191
 44i,16n,69p,797b,890s stack positions out of 5000i,500n,10000p,200000b,80000s

Output written on /Users/wuerthnc/GitHub/Parallel-Computing-and-Algorithms-X033
537-Project/documentation/.texpadtmp/document.pdf (6 pages).
